# JRE version: Java(TM) SE Runtime Environment (19.0.1+10) (build 19.0.1+10-21)
# Java VM: Java HotSpot(TM) 64-Bit Server VM (19.0.1+10-21, mixed mode, emulated-client, sharing, tiered, compressed oops, compressed class ptrs, g1 gc, windows-amd64)
GC Precious Log:
 CardTable entry size: 512
 Card Set container configuration: InlinePtr #cards 5 size 8 Array Of Cards #cards 12 size 40 Howl #buckets 4 coarsen threshold 1843 Howl Bitmap #cards 512 size 80 coarsen threshold 460 Card regions per heap region 1 cards per card region 2048
 CPUs: 4 total, 4 available
 Memory: 5845M
 Large Page Support: Disabled
 NUMA Support: Disabled
 Compressed Oops: Enabled (32-bit)
 Heap Region Size: 1M
 Heap Min Capacity: 8M
 Heap Initial Capacity: 92M
 Heap Max Capacity: 1462M
 Pre-touch: Disabled
 Parallel Workers: 4
 Concurrent Workers: 1
 Concurrent Refinement Workers: 4
 Periodic GC: Disabled
Heap:
 garbage-first heap   total 260096K, used 185293K [0x00000000a4a00000, 0x0000000100000000)
  region size 1024K, 117 young (119808K), 14 survivors (14336K)
 Metaspace       used 62831K, committed 63808K, reserved 1114112K
  class space    used 8255K, committed 8640K, reserved 1048576K
GC Heap History (20 events):
Event: 46.473 GC heap after
{Heap after GC invocations=54 (full 0):
 garbage-first heap   total 857088K, used 407455K [0x00000000a4a00000, 0x0000000100000000)
  region size 1024K, 3 young (3072K), 3 survivors (3072K)
 Metaspace       used 62947K, committed 63680K, reserved 1114112K
  class space    used 8301K, committed 8640K, reserved 1048576K
}
Event: 46.880 GC heap before
{Heap before GC invocations=54 (full 0):
 garbage-first heap   total 857088K, used 448415K [0x00000000a4a00000, 0x0000000100000000)
  region size 1024K, 41 young (41984K), 3 survivors (3072K)
 Metaspace       used 62947K, committed 63680K, reserved 1114112K
  class space    used 8301K, committed 8640K, reserved 1048576K
}
Event: 46.936 GC heap after
{Heap after GC invocations=55 (full 0):
 garbage-first heap   total 857088K, used 344991K [0x00000000a4a00000, 0x0000000100000000)
  region size 1024K, 6 young (6144K), 6 survivors (6144K)
 Metaspace       used 62947K, committed 63680K, reserved 1114112K
  class space    used 8301K, committed 8640K, reserved 1048576K
}
Event: 47.227 GC heap before
{Heap before GC invocations=55 (full 0):
 garbage-first heap   total 857088K, used 380831K [0x00000000a4a00000, 0x0000000100000000)
  region size 1024K, 41 young (41984K), 6 survivors (6144K)
 Metaspace       used 62948K, committed 63680K, reserved 1114112K
  class space    used 8301K, committed 8640K, reserved 1048576K
}
Event: 47.252 GC heap after
{Heap after GC invocations=56 (full 0):
 garbage-first heap   total 857088K, used 344479K [0x00000000a4a00000, 0x0000000100000000)
  region size 1024K, 5 young (5120K), 5 survivors (5120K)
 Metaspace       used 62948K, committed 63680K, reserved 1114112K
  class space    used 8301K, committed 8640K, reserved 1048576K
}
Event: 49.955 GC heap before
{Heap before GC invocations=56 (full 0):
 garbage-first heap   total 857088K, used 644511K [0x00000000a4a00000, 0x0000000100000000)
  region size 1024K, 292 young (299008K), 5 survivors (5120K)
 Metaspace       used 62948K, committed 63680K, reserved 1114112K
  class space    used 8301K, committed 8640K, reserved 1048576K
}
Event: 50.038 GC heap after
{Heap after GC invocations=57 (full 0):
 garbage-first heap   total 1059840K, used 401823K [0x00000000a4a00000, 0x0000000100000000)
  region size 1024K, 37 young (37888K), 37 survivors (37888K)
 Metaspace       used 62948K, committed 63680K, reserved 1114112K
  class space    used 8301K, committed 8640K, reserved 1048576K
}
Event: 88.669 GC heap before
{Heap before GC invocations=57 (full 0):
 garbage-first heap   total 1059840K, used 517535K [0x00000000a4a00000, 0x0000000100000000)
  region size 1024K, 148 young (151552K), 37 survivors (37888K)
 Metaspace       used 63027K, committed 63808K, reserved 1114112K
  class space    used 8309K, committed 8640K, reserved 1048576K
}
Event: 89.561 GC heap after
{Heap after GC invocations=58 (full 1):
 garbage-first heap   total 471040K, used 137349K [0x00000000a4a00000, 0x0000000100000000)
  region size 1024K, 0 young (0K), 0 survivors (0K)
 Metaspace       used 63027K, committed 63808K, reserved 1114112K
  class space    used 8309K, committed 8640K, reserved 1048576K
}
Event: 100.007 GC heap before
{Heap before GC invocations=58 (full 1):
 garbage-first heap   total 471040K, used 141445K [0x00000000a4a00000, 0x0000000100000000)
  region size 1024K, 5 young (5120K), 0 survivors (0K)
 Metaspace       used 63030K, committed 63808K, reserved 1114112K
  class space    used 8309K, committed 8640K, reserved 1048576K
}
Event: 100.127 GC heap after
{Heap after GC invocations=59 (full 2):
 garbage-first heap   total 260096K, used 74701K [0x00000000a4a00000, 0x0000000100000000)
  region size 1024K, 0 young (0K), 0 survivors (0K)
 Metaspace       used 63030K, committed 63808K, reserved 1114112K
  class space    used 8309K, committed 8640K, reserved 1048576K
}
Event: 110.556 GC heap before
{Heap before GC invocations=59 (full 2):
 garbage-first heap   total 260096K, used 74701K [0x00000000a4a00000, 0x0000000100000000)
  region size 1024K, 1 young (1024K), 0 survivors (0K)
 Metaspace       used 63030K, committed 63808K, reserved 1114112K
  class space    used 8309K, committed 8640K, reserved 1048576K
}
Event: 110.651 GC heap after
{Heap after GC invocations=60 (full 3):
 garbage-first heap   total 260096K, used 74701K [0x00000000a4a00000, 0x0000000100000000)
  region size 1024K, 0 young (0K), 0 survivors (0K)
 Metaspace       used 63030K, committed 63808K, reserved 1114112K
  class space    used 8309K, committed 8640K, reserved 1048576K
}
Event: 121.086 GC heap before
{Heap before GC invocations=60 (full 3):
 garbage-first heap   total 260096K, used 74701K [0x00000000a4a00000, 0x0000000100000000)
  region size 1024K, 1 young (1024K), 0 survivors (0K)
 Metaspace       used 63030K, committed 63808K, reserved 1114112K
  class space    used 8309K, committed 8640K, reserved 1048576K
}
Event: 121.188 GC heap after
{Heap after GC invocations=61 (full 4):
 garbage-first heap   total 260096K, used 74701K [0x00000000a4a00000, 0x0000000100000000)
  region size 1024K, 0 young (0K), 0 survivors (0K)
 Metaspace       used 63030K, committed 63808K, reserved 1114112K
  class space    used 8309K, committed 8640K, reserved 1048576K
}
Event: 131.629 GC heap before
{Heap before GC invocations=61 (full 4):
 garbage-first heap   total 260096K, used 74701K [0x00000000a4a00000, 0x0000000100000000)
  region size 1024K, 1 young (1024K), 0 survivors (0K)
 Metaspace       used 63030K, committed 63808K, reserved 1114112K
  class space    used 8309K, committed 8640K, reserved 1048576K
}
Event: 131.730 GC heap after
{Heap after GC invocations=62 (full 5):
 garbage-first heap   total 260096K, used 74701K [0x00000000a4a00000, 0x0000000100000000)
  region size 1024K, 0 young (0K), 0 survivors (0K)
 Metaspace       used 63030K, committed 63808K, reserved 1114112K
  class space    used 8309K, committed 8640K, reserved 1048576K
}
Event: 196.443 GC heap before
{Heap before GC invocations=62 (full 5):
 garbage-first heap   total 260096K, used 180173K [0x00000000a4a00000, 0x0000000100000000)
  region size 1024K, 103 young (105472K), 0 survivors (0K)
 Metaspace       used 63053K, committed 63808K, reserved 1114112K
  class space    used 8311K, committed 8640K, reserved 1048576K
}
Event: 196.452 GC heap after
{Heap after GC invocations=63 (full 5):
 garbage-first heap   total 260096K, used 80845K [0x00000000a4a00000, 0x0000000100000000)
  region size 1024K, 6 young (6144K), 6 survivors (6144K)
 Metaspace       used 63053K, committed 63808K, reserved 1114112K
  class space    used 8311K, committed 8640K, reserved 1048576K
}
Event: 199.610 GC heap before
{Heap before GC invocations=64 (full 5):
 garbage-first heap   total 260096K, used 184269K [0x00000000a4a00000, 0x0000000100000000)
  region size 1024K, 109 young (111616K), 6 survivors (6144K)
 Metaspace       used 62831K, committed 63808K, reserved 1114112K
  class space    used 8255K, committed 8640K, reserved 1048576K
}

